0 info it worked if it ends with ok
1 verbose cli [ 'C:\\Program Files\\nodejs\\node.exe',
1 verbose cli   'C:\\Program Files\\nodejs\\node_modules\\npm\\bin\\npm-cli.js',
1 verbose cli   'start' ]
2 info using npm@4.1.2
3 info using node@v7.7.4
4 verbose run-script [ 'prestart', 'start', 'poststart' ]
5 info lifecycle C4C_EpidemicDetection@1.0.0~prestart: C4C_EpidemicDetection@1.0.0
6 silly lifecycle C4C_EpidemicDetection@1.0.0~prestart: no script for prestart, continuing
7 info lifecycle C4C_EpidemicDetection@1.0.0~start: C4C_EpidemicDetection@1.0.0
8 verbose lifecycle C4C_EpidemicDetection@1.0.0~start: unsafe-perm in lifecycle true
9 verbose lifecycle C4C_EpidemicDetection@1.0.0~start: PATH: C:\Program Files\nodejs\node_modules\npm\bin\node-gyp-bin;E:\epedemic\C4C_EPIDEMIC_DETECTION\node_modules\.bin;C:\WINDOWS\system32;C:\WINDOWS;C:\WINDOWS\System32\Wbem;C:\WINDOWS\System32\WindowsPowerShell\v1.0\;D:\ibm_essentials\jdk8\sdk\bin;D:\ibm_essentials\apache-ant-1.7.1\bin;C:\Program Files\Git\cmd;C:\Program Files\nodejs\;C:\apache-maven-3.5.0\bin;C:\liberty17\wlp\bin;C:\Program Files\Docker Toolbox;C:\Users\rajat_kurundwadkar\AppData\Roaming\npm;C:\Program Files (x86)\Microsoft VS Code\bin
10 verbose lifecycle C4C_EpidemicDetection@1.0.0~start: CWD: E:\epedemic\C4C_EPIDEMIC_DETECTION
11 silly lifecycle C4C_EpidemicDetection@1.0.0~start: Args: [ '/d /s /c', 'node app.js' ]
12 silly lifecycle C4C_EpidemicDetection@1.0.0~start: Returned: code: 1  signal: null
13 info lifecycle C4C_EpidemicDetection@1.0.0~start: Failed to exec start script
14 verbose stack Error: C4C_EpidemicDetection@1.0.0 start: `node app.js`
14 verbose stack Exit status 1
14 verbose stack     at EventEmitter.<anonymous> (C:\Program Files\nodejs\node_modules\npm\lib\utils\lifecycle.js:279:16)
14 verbose stack     at emitTwo (events.js:106:13)
14 verbose stack     at EventEmitter.emit (events.js:194:7)
14 verbose stack     at ChildProcess.<anonymous> (C:\Program Files\nodejs\node_modules\npm\lib\utils\spawn.js:40:14)
14 verbose stack     at emitTwo (events.js:106:13)
14 verbose stack     at ChildProcess.emit (events.js:194:7)
14 verbose stack     at maybeClose (internal/child_process.js:899:16)
14 verbose stack     at Process.ChildProcess._handle.onexit (internal/child_process.js:226:5)
15 verbose pkgid C4C_EpidemicDetection@1.0.0
16 verbose cwd E:\epedemic\C4C_EPIDEMIC_DETECTION
17 error Windows_NT 6.1.7601
18 error argv "C:\\Program Files\\nodejs\\node.exe" "C:\\Program Files\\nodejs\\node_modules\\npm\\bin\\npm-cli.js" "start"
19 error node v7.7.4
20 error npm  v4.1.2
21 error code ELIFECYCLE
22 error C4C_EpidemicDetection@1.0.0 start: `node app.js`
22 error Exit status 1
23 error Failed at the C4C_EpidemicDetection@1.0.0 start script 'node app.js'.
23 error Make sure you have the latest version of node.js and npm installed.
23 error If you do, this is most likely a problem with the C4C_EpidemicDetection package,
23 error not with npm itself.
23 error Tell the author that this fails on your system:
23 error     node app.js
23 error You can get information on how to open an issue for this project with:
23 error     npm bugs C4C_EpidemicDetection
23 error Or if that isn't available, you can get their info via:
23 error     npm owner ls C4C_EpidemicDetection
23 error There is likely additional logging output above.
24 verbose exit [ 1, true ]
